C51 COMPILER V9.59.0.0   MAIN                                                              03/06/2021 23:21:13 PAGE 1   


C51 COMPILER V9.59.0.0, COMPILATION OF MODULE MAIN
OBJECT MODULE PLACED IN .\out\main.obj
COMPILER INVOKED BY: C:\Keil_v5\C51\BIN\C51.EXE ..\application\main.c OPTIMIZE(8,SPEED) BROWSE INCDIR(..\application;..\
                    -device) DEBUG OBJECTEXTEND PRINT(.\out\Listings\main.lst) OBJECT(.\out\main.obj)

line level    source

   1          #include "SysInit.h"
   2          #include "config.h"
   3          #include "gpio.h"
   4          #include "delay.h"
   5          #include "usart.h"
   6          #include "stdio.h"
   7          int main()
   8          {
   9   1          uint16_t i;
  10   1          SysInit();
  11   1          
  12   1          GPIO_Inilize(GPIO_P5,GPIO_Pin_5,GPIO_OUT_PP);
  13   1          P55=0;
  14   1          while(1)
  15   1          {
  16   2              P55=!P55;
  17   2              for(i=0;i<1000;i++)
  18   2              {
  19   3                  delay_us(800);
  20   3              }
  21   2              printf( "12322222\r\n");
  22   2              PrintString(USART2, "123\r\n");
  23   2          }
  24   1      }


MODULE INFORMATION:   STATIC OVERLAYABLE
   CODE SIZE        =     67    ----
   CONSTANT SIZE    =     17    ----
   XDATA SIZE       =   ----    ----
   PDATA SIZE       =   ----    ----
   DATA SIZE        =   ----       2
   IDATA SIZE       =   ----    ----
   BIT SIZE         =   ----    ----
END OF MODULE INFORMATION.


C51 COMPILATION COMPLETE.  0 WARNING(S),  0 ERROR(S)
